  glad.c
  Camera.cpp
D:\COURSEWORK\YUC_COURSEWORK_CSC8502\YUC_COURSEWORK_CSC8502\nclgl\Keyboard.h(1,1): warning C4819: 该文件包含不能在当前代码页(936)中表示的字符。请将该文件保存为 Unicode 格式以防止数据丢失
  ComputeShader.cpp
D:\COURSEWORK\YUC_COURSEWORK_CSC8502\YUC_COURSEWORK_CSC8502\nclgl\Keyboard.h(1,1): warning C4819: 该文件包含不能在当前代码页(936)中表示的字符。请将该文件保存为 Unicode 格式以防止数据丢失
  CubeRobot.cpp
D:\COURSEWORK\YUC_COURSEWORK_CSC8502\YUC_COURSEWORK_CSC8502\nclgl\Keyboard.h(1,1): warning C4819: 该文件包含不能在当前代码页(936)中表示的字符。请将该文件保存为 Unicode 格式以防止数据丢失
  Frustum.cpp
D:\COURSEWORK\YUC_COURSEWORK_CSC8502\YUC_COURSEWORK_CSC8502\nclgl\Keyboard.h(1,1): warning C4819: 该文件包含不能在当前代码页(936)中表示的字符。请将该文件保存为 Unicode 格式以防止数据丢失
  GameTimer.cpp
  HeightMap.cpp
D:\COURSEWORK\YUC_COURSEWORK_CSC8502\YUC_COURSEWORK_CSC8502\nclgl\Keyboard.h(1,1): warning C4819: 该文件包含不能在当前代码页(936)中表示的字符。请将该文件保存为 Unicode 格式以防止数据丢失
D:\COURSEWORK\YUC_COURSEWORK_CSC8502\YUC_COURSEWORK_CSC8502\nclgl\HeightMap.cpp(35,52): warning C4244: “参数”: 从“int”转换到“const float”，可能丢失数据
D:\COURSEWORK\YUC_COURSEWORK_CSC8502\YUC_COURSEWORK_CSC8502\nclgl\HeightMap.cpp(35,47): warning C4244: “参数”: 从“int”转换到“const float”，可能丢失数据
D:\COURSEWORK\YUC_COURSEWORK_CSC8502\YUC_COURSEWORK_CSC8502\nclgl\HeightMap.cpp(35,31): warning C4244: “参数”: 从“int”转换到“const float”，可能丢失数据
D:\COURSEWORK\YUC_COURSEWORK_CSC8502\YUC_COURSEWORK_CSC8502\nclgl\HeightMap.cpp(36,39): warning C4244: “参数”: 从“int”转换到“const float”，可能丢失数据
D:\COURSEWORK\YUC_COURSEWORK_CSC8502\YUC_COURSEWORK_CSC8502\nclgl\HeightMap.cpp(36,36): warning C4244: “参数”: 从“int”转换到“const float”，可能丢失数据
  Keyboard.cpp
D:\COURSEWORK\YUC_COURSEWORK_CSC8502\YUC_COURSEWORK_CSC8502\nclgl\Keyboard.h(1,1): warning C4819: 该文件包含不能在当前代码页(936)中表示的字符。请将该文件保存为 Unicode 格式以防止数据丢失
  Matrix2.cpp
  Matrix3.cpp
  Matrix4.cpp
  Mesh.cpp
D:\COURSEWORK\YUC_COURSEWORK_CSC8502\YUC_COURSEWORK_CSC8502\nclgl\Keyboard.h(1,1): warning C4819: 该文件包含不能在当前代码页(936)中表示的字符。请将该文件保存为 Unicode 格式以防止数据丢失
D:\COURSEWORK\YUC_COURSEWORK_CSC8502\YUC_COURSEWORK_CSC8502\nclgl\Mesh.cpp(468,20): warning C4018: “<”: 有符号/无符号不匹配
  MeshAnimation.cpp
  MeshMaterial.cpp
  Mouse.cpp
  OGLRenderer.cpp
D:\COURSEWORK\YUC_COURSEWORK_CSC8502\YUC_COURSEWORK_CSC8502\nclgl\Keyboard.h(1,1): warning C4819: 该文件包含不能在当前代码页(936)中表示的字符。请将该文件保存为 Unicode 格式以防止数据丢失
  Plane.cpp
  Quaternion.cpp
  SceneNode.cpp
D:\COURSEWORK\YUC_COURSEWORK_CSC8502\YUC_COURSEWORK_CSC8502\nclgl\Keyboard.h(1,1): warning C4819: 该文件包含不能在当前代码页(936)中表示的字符。请将该文件保存为 Unicode 格式以防止数据丢失
  Shader.cpp
D:\COURSEWORK\YUC_COURSEWORK_CSC8502\YUC_COURSEWORK_CSC8502\nclgl\Keyboard.h(1,1): warning C4819: 该文件包含不能在当前代码页(936)中表示的字符。请将该文件保存为 Unicode 格式以防止数据丢失
  stb_image.cpp
  正在生成代码...
  正在编译...
  Window.cpp
D:\COURSEWORK\YUC_COURSEWORK_CSC8502\YUC_COURSEWORK_CSC8502\nclgl\Keyboard.h(1,1): warning C4819: 该文件包含不能在当前代码页(936)中表示的字符。请将该文件保存为 Unicode 格式以防止数据丢失
  正在生成代码...
stb_image.obj : warning LNK4006: stbi_load_from_memory 已在 SOIL.lib(stb_image_aug.obj) 中定义；已忽略第二个定义
stb_image.obj : warning LNK4006: stbi_load 已在 SOIL.lib(stb_image_aug.obj) 中定义；已忽略第二个定义
stb_image.obj : warning LNK4006: stbi_load_from_file 已在 SOIL.lib(stb_image_aug.obj) 中定义；已忽略第二个定义
stb_image.obj : warning LNK4006: stbi_loadf_from_memory 已在 SOIL.lib(stb_image_aug.obj) 中定义；已忽略第二个定义
stb_image.obj : warning LNK4006: stbi_loadf 已在 SOIL.lib(stb_image_aug.obj) 中定义；已忽略第二个定义
stb_image.obj : warning LNK4006: stbi_loadf_from_file 已在 SOIL.lib(stb_image_aug.obj) 中定义；已忽略第二个定义
stb_image.obj : warning LNK4006: stbi_hdr_to_ldr_gamma 已在 SOIL.lib(stb_image_aug.obj) 中定义；已忽略第二个定义
stb_image.obj : warning LNK4006: stbi_hdr_to_ldr_scale 已在 SOIL.lib(stb_image_aug.obj) 中定义；已忽略第二个定义
stb_image.obj : warning LNK4006: stbi_ldr_to_hdr_gamma 已在 SOIL.lib(stb_image_aug.obj) 中定义；已忽略第二个定义
stb_image.obj : warning LNK4006: stbi_ldr_to_hdr_scale 已在 SOIL.lib(stb_image_aug.obj) 中定义；已忽略第二个定义
stb_image.obj : warning LNK4006: stbi_is_hdr_from_memory 已在 SOIL.lib(stb_image_aug.obj) 中定义；已忽略第二个定义
stb_image.obj : warning LNK4006: stbi_is_hdr 已在 SOIL.lib(stb_image_aug.obj) 中定义；已忽略第二个定义
stb_image.obj : warning LNK4006: stbi_is_hdr_from_file 已在 SOIL.lib(stb_image_aug.obj) 中定义；已忽略第二个定义
stb_image.obj : warning LNK4006: stbi_failure_reason 已在 SOIL.lib(stb_image_aug.obj) 中定义；已忽略第二个定义
stb_image.obj : warning LNK4006: stbi_image_free 已在 SOIL.lib(stb_image_aug.obj) 中定义；已忽略第二个定义
stb_image.obj : warning LNK4006: stbi_zlib_decode_malloc_guesssize 已在 SOIL.lib(stb_image_aug.obj) 中定义；已忽略第二个定义
stb_image.obj : warning LNK4006: stbi_zlib_decode_malloc 已在 SOIL.lib(stb_image_aug.obj) 中定义；已忽略第二个定义
stb_image.obj : warning LNK4006: stbi_zlib_decode_buffer 已在 SOIL.lib(stb_image_aug.obj) 中定义；已忽略第二个定义
stb_image.obj : warning LNK4006: stbi_zlib_decode_noheader_malloc 已在 SOIL.lib(stb_image_aug.obj) 中定义；已忽略第二个定义
stb_image.obj : warning LNK4006: stbi_zlib_decode_noheader_buffer 已在 SOIL.lib(stb_image_aug.obj) 中定义；已忽略第二个定义
  nclgl.vcxproj -> D:\COURSEWORK\YUC_COURSEWORK_CSC8502\YUC_COURSEWORK_CSC8502\x64\Debug\nclgl.lib
