D:\Program Files\Microsoft Visual Studio\2022\Community\MSBuild\Microsoft\VC\v170\Microsoft.CppBuild.targets(531,5): warning MSB8028: 中间目录(x64\Debug\)包含从另一个项目(YUC Project.vcxproj)共享的文件。   这会导致错误的清除和重新生成行为。
  Planet.cpp
D:\COURSEWORK\YUC_COURSEWORK_CSC8502\YUC_COURSEWORK_CSC8502\nclgl\Keyboard.h(1,1): warning C4819: 该文件包含不能在当前代码页(936)中表示的字符。请将该文件保存为 Unicode 格式以防止数据丢失
  Plant.cpp
D:\COURSEWORK\YUC_COURSEWORK_CSC8502\YUC_COURSEWORK_CSC8502\nclgl\Keyboard.h(1,1): warning C4819: 该文件包含不能在当前代码页(936)中表示的字符。请将该文件保存为 Unicode 格式以防止数据丢失
  Rain.cpp
D:\COURSEWORK\YUC_COURSEWORK_CSC8502\YUC_COURSEWORK_CSC8502\nclgl\Keyboard.h(1,1): warning C4819: 该文件包含不能在当前代码页(936)中表示的字符。请将该文件保存为 Unicode 格式以防止数据丢失
D:\COURSEWORK\YUC_COURSEWORK_CSC8502\YUC_COURSEWORK_CSC8502\Blank Project\Rain.cpp(15,36): warning C4244: “=”: 从“float”转换到“int”，可能丢失数据
D:\COURSEWORK\YUC_COURSEWORK_CSC8502\YUC_COURSEWORK_CSC8502\Blank Project\Rain.cpp(20,60): warning C4244: “参数”: 从“int”转换到“const float”，可能丢失数据
D:\COURSEWORK\YUC_COURSEWORK_CSC8502\YUC_COURSEWORK_CSC8502\Blank Project\Rain.cpp(20,38): warning C4244: “参数”: 从“int”转换到“const float”，可能丢失数据
D:\COURSEWORK\YUC_COURSEWORK_CSC8502\YUC_COURSEWORK_CSC8502\Blank Project\Rain.cpp(21,15): warning C4244: “初始化”: 从“int”转换到“float”，可能丢失数据
D:\COURSEWORK\YUC_COURSEWORK_CSC8502\YUC_COURSEWORK_CSC8502\Blank Project\Rain.cpp(39,89): warning C4244: “参数”: 从“int”转换到“const float”，可能丢失数据
D:\COURSEWORK\YUC_COURSEWORK_CSC8502\YUC_COURSEWORK_CSC8502\Blank Project\Rain.cpp(39,66): warning C4244: “参数”: 从“int”转换到“const float”，可能丢失数据
D:\COURSEWORK\YUC_COURSEWORK_CSC8502\YUC_COURSEWORK_CSC8502\Blank Project\Rain.cpp(40,16): warning C4244: “初始化”: 从“int”转换到“float”，可能丢失数据
  Renderer.cpp
D:\COURSEWORK\YUC_COURSEWORK_CSC8502\YUC_COURSEWORK_CSC8502\nclgl\Keyboard.h(1,1): warning C4819: 该文件包含不能在当前代码页(936)中表示的字符。请将该文件保存为 Unicode 格式以防止数据丢失
D:\COURSEWORK\YUC_COURSEWORK_CSC8502\YUC_COURSEWORK_CSC8502\Blank Project\Renderer.cpp(236,58): warning C4244: “参数”: 从“int”转换到“const float”，可能丢失数据
D:\COURSEWORK\YUC_COURSEWORK_CSC8502\YUC_COURSEWORK_CSC8502\Blank Project\Renderer.cpp(288,19): warning C4244: “参数”: 从“int”转换到“const float”，可能丢失数据
D:\COURSEWORK\YUC_COURSEWORK_CSC8502\YUC_COURSEWORK_CSC8502\Blank Project\Renderer.cpp(287,32): warning C4244: “参数”: 从“int”转换到“const float”，可能丢失数据
D:\COURSEWORK\YUC_COURSEWORK_CSC8502\YUC_COURSEWORK_CSC8502\Blank Project\Renderer.cpp(478,27): warning C4244: “参数”: 从“int”转换到“const float”，可能丢失数据
D:\COURSEWORK\YUC_COURSEWORK_CSC8502\YUC_COURSEWORK_CSC8502\Blank Project\Renderer.cpp(645,42): warning C4267: “参数”: 从“size_t”转换到“GLsizei”，可能丢失数据
  WarPlane.cpp
D:\COURSEWORK\YUC_COURSEWORK_CSC8502\YUC_COURSEWORK_CSC8502\nclgl\Keyboard.h(1,1): warning C4819: 该文件包含不能在当前代码页(936)中表示的字符。请将该文件保存为 Unicode 格式以防止数据丢失
  YucProject.cpp
D:\COURSEWORK\YUC_COURSEWORK_CSC8502\YUC_COURSEWORK_CSC8502\NCLGL\Keyboard.h(1,1): warning C4819: 该文件包含不能在当前代码页(936)中表示的字符。请将该文件保存为 Unicode 格式以防止数据丢失
  正在生成代码...
  LINK : 没有找到 D:\COURSEWORK\YUC_COURSEWORK_CSC8502\YUC_COURSEWORK_CSC8502\x64\Debug\Blank Project.exe 或上一个增量链接没有生成它；正在执行完全链接
  BlankProject.vcxproj -> D:\COURSEWORK\YUC_COURSEWORK_CSC8502\YUC_COURSEWORK_CSC8502\x64\Debug\Blank Project.exe
